Analysis & Synthesis report for vga
Sun Jun 26 12:45:15 2022
Quartus Prime Version 20.1.1 Build 720 11/11/2020 SJ Lite Edition


---------------------
; Table of Contents ;
---------------------
  1. Legal Notice
  2. Analysis & Synthesis Summary
  3. Analysis & Synthesis Settings
  4. Parallel Compilation
  5. Analysis & Synthesis Source Files Read
  6. Analysis & Synthesis Resource Usage Summary
  7. Analysis & Synthesis Resource Utilization by Entity
  8. Analysis & Synthesis RAM Summary
  9. Analysis & Synthesis IP Cores Summary
 10. Registers Removed During Synthesis
 11. General Register Statistics
 12. Multiplexer Restructuring Statistics (Restructuring Performed)
 13. Source assignments for vga_ram:inst2|altsyncram:altsyncram_component|altsyncram_bkr1:auto_generated
 14. Parameter Settings for User Entity Instance: vga_controller:inst
 15. Parameter Settings for User Entity Instance: vga_ram:inst2|altsyncram:altsyncram_component
 16. altsyncram Parameter Settings by Entity Instance
 17. Post-Synthesis Netlist Statistics for Top Partition
 18. Elapsed Time Per Partition
 19. Analysis & Synthesis Messages
 20. Analysis & Synthesis Suppressed Messages



----------------
; Legal Notice ;
----------------
Copyright (C) 2020  Intel Corporation. All rights reserved.
Your use of Intel Corporation's design tools, logic functions 
and other software and tools, and any partner logic 
functions, and any output files from any of the foregoing 
(including device programming or simulation files), and any 
associated documentation or information are expressly subject 
to the terms and conditions of the Intel Program License 
Subscription Agreement, the Intel Quartus Prime License Agreement,
the Intel FPGA IP License Agreement, or other applicable license
agreement, including, without limitation, that your use is for
the sole purpose of programming logic devices manufactured by
Intel and sold by Intel or its authorized distributors.  Please
refer to the applicable agreement for further details, at
https://fpgasoftware.intel.com/eula.



+----------------------------------------------------------------------------------+
; Analysis & Synthesis Summary                                                     ;
+------------------------------------+---------------------------------------------+
; Analysis & Synthesis Status        ; Successful - Sun Jun 26 12:45:15 2022       ;
; Quartus Prime Version              ; 20.1.1 Build 720 11/11/2020 SJ Lite Edition ;
; Revision Name                      ; vga                                         ;
; Top-level Entity Name              ; vga                                         ;
; Family                             ; Cyclone IV E                                ;
; Total logic elements               ; 120                                         ;
;     Total combinational functions  ; 101                                         ;
;     Dedicated logic registers      ; 42                                          ;
; Total registers                    ; 42                                          ;
; Total pins                         ; 31                                          ;
; Total virtual pins                 ; 0                                           ;
; Total memory bits                  ; 196,608                                     ;
; Embedded Multiplier 9-bit elements ; 0                                           ;
; Total PLLs                         ; 0                                           ;
+------------------------------------+---------------------------------------------+


+------------------------------------------------------------------------------------------------------------+
; Analysis & Synthesis Settings                                                                              ;
+------------------------------------------------------------------+--------------------+--------------------+
; Option                                                           ; Setting            ; Default Value      ;
+------------------------------------------------------------------+--------------------+--------------------+
; Device                                                           ; EP4CE22F17C6       ;                    ;
; Top-level entity name                                            ; vga                ; vga                ;
; Family name                                                      ; Cyclone IV E       ; Cyclone V          ;
; Use smart compilation                                            ; Off                ; Off                ;
; Enable parallel Assembler and Timing Analyzer during compilation ; On                 ; On                 ;
; Enable compact report table                                      ; Off                ; Off                ;
; Restructure Multiplexers                                         ; Auto               ; Auto               ;
; Create Debugging Nodes for IP Cores                              ; Off                ; Off                ;
; Preserve fewer node names                                        ; On                 ; On                 ;
; Intel FPGA IP Evaluation Mode                                    ; Enable             ; Enable             ;
; Verilog Version                                                  ; Verilog_2001       ; Verilog_2001       ;
; VHDL Version                                                     ; VHDL_1993          ; VHDL_1993          ;
; State Machine Processing                                         ; Auto               ; Auto               ;
; Safe State Machine                                               ; Off                ; Off                ;
; Extract Verilog State Machines                                   ; On                 ; On                 ;
; Extract VHDL State Machines                                      ; On                 ; On                 ;
; Ignore Verilog initial constructs                                ; Off                ; Off                ;
; Iteration limit for constant Verilog loops                       ; 5000               ; 5000               ;
; Iteration limit for non-constant Verilog loops                   ; 250                ; 250                ;
; Add Pass-Through Logic to Inferred RAMs                          ; On                 ; On                 ;
; Infer RAMs from Raw Logic                                        ; On                 ; On                 ;
; Parallel Synthesis                                               ; On                 ; On                 ;
; DSP Block Balancing                                              ; Auto               ; Auto               ;
; NOT Gate Push-Back                                               ; On                 ; On                 ;
; Power-Up Don't Care                                              ; On                 ; On                 ;
; Remove Redundant Logic Cells                                     ; Off                ; Off                ;
; Remove Duplicate Registers                                       ; On                 ; On                 ;
; Ignore CARRY Buffers                                             ; Off                ; Off                ;
; Ignore CASCADE Buffers                                           ; Off                ; Off                ;
; Ignore GLOBAL Buffers                                            ; Off                ; Off                ;
; Ignore ROW GLOBAL Buffers                                        ; Off                ; Off                ;
; Ignore LCELL Buffers                                             ; Off                ; Off                ;
; Ignore SOFT Buffers                                              ; On                 ; On                 ;
; Limit AHDL Integers to 32 Bits                                   ; Off                ; Off                ;
; Optimization Technique                                           ; Balanced           ; Balanced           ;
; Carry Chain Length                                               ; 70                 ; 70                 ;
; Auto Carry Chains                                                ; On                 ; On                 ;
; Auto Open-Drain Pins                                             ; On                 ; On                 ;
; Perform WYSIWYG Primitive Resynthesis                            ; Off                ; Off                ;
; Auto ROM Replacement                                             ; On                 ; On                 ;
; Auto RAM Replacement                                             ; On                 ; On                 ;
; Auto DSP Block Replacement                                       ; On                 ; On                 ;
; Auto Shift Register Replacement                                  ; Auto               ; Auto               ;
; Allow Shift Register Merging across Hierarchies                  ; Auto               ; Auto               ;
; Auto Clock Enable Replacement                                    ; On                 ; On                 ;
; Strict RAM Replacement                                           ; Off                ; Off                ;
; Allow Synchronous Control Signals                                ; On                 ; On                 ;
; Force Use of Synchronous Clear Signals                           ; Off                ; Off                ;
; Auto RAM Block Balancing                                         ; On                 ; On                 ;
; Auto RAM to Logic Cell Conversion                                ; Off                ; Off                ;
; Auto Resource Sharing                                            ; Off                ; Off                ;
; Allow Any RAM Size For Recognition                               ; Off                ; Off                ;
; Allow Any ROM Size For Recognition                               ; Off                ; Off                ;
; Allow Any Shift Register Size For Recognition                    ; Off                ; Off                ;
; Use LogicLock Constraints during Resource Balancing              ; On                 ; On                 ;
; Ignore translate_off and synthesis_off directives                ; Off                ; Off                ;
; Timing-Driven Synthesis                                          ; On                 ; On                 ;
; Report Parameter Settings                                        ; On                 ; On                 ;
; Report Source Assignments                                        ; On                 ; On                 ;
; Report Connectivity Checks                                       ; On                 ; On                 ;
; Ignore Maximum Fan-Out Assignments                               ; Off                ; Off                ;
; Synchronization Register Chain Length                            ; 2                  ; 2                  ;
; Power Optimization During Synthesis                              ; Normal compilation ; Normal compilation ;
; HDL message level                                                ; Level2             ; Level2             ;
; Suppress Register Optimization Related Messages                  ; Off                ; Off                ;
; Number of Removed Registers Reported in Synthesis Report         ; 5000               ; 5000               ;
; Number of Swept Nodes Reported in Synthesis Report               ; 5000               ; 5000               ;
; Number of Inverted Registers Reported in Synthesis Report        ; 100                ; 100                ;
; Clock MUX Protection                                             ; On                 ; On                 ;
; Auto Gated Clock Conversion                                      ; Off                ; Off                ;
; Block Design Naming                                              ; Auto               ; Auto               ;
; SDC constraint protection                                        ; Off                ; Off                ;
; Synthesis Effort                                                 ; Auto               ; Auto               ;
; Shift Register Replacement - Allow Asynchronous Clear Signal     ; On                 ; On                 ;
; Pre-Mapping Resynthesis Optimization                             ; Off                ; Off                ;
; Analysis & Synthesis Message Level                               ; Medium             ; Medium             ;
; Disable Register Merging Across Hierarchies                      ; Auto               ; Auto               ;
; Resource Aware Inference For Block RAM                           ; On                 ; On                 ;
+------------------------------------------------------------------+--------------------+--------------------+


+------------------------------------------+
; Parallel Compilation                     ;
+----------------------------+-------------+
; Processors                 ; Number      ;
+----------------------------+-------------+
; Number detected on machine ; 8           ;
; Maximum allowed            ; 4           ;
;                            ;             ;
; Average used               ; 1.00        ;
; Maximum used               ; 4           ;
;                            ;             ;
; Usage by Processor         ; % Time Used ;
;     Processor 1            ; 100.0%      ;
;     Processors 2-4         ;   0.0%      ;
+----------------------------+-------------+


+-------------------------------------------------------------------------------------------------------------------------------------------------------------------------------------+
; Analysis & Synthesis Source Files Read                                                                                                                                              ;
+----------------------------------+-----------------+---------------------------------------+------------------------------------------------------------------------------+---------+
; File Name with User-Entered Path ; Used in Netlist ; File Type                             ; File Name with Absolute Path                                                 ; Library ;
+----------------------------------+-----------------+---------------------------------------+------------------------------------------------------------------------------+---------+
; vga.bdf                          ; yes             ; User Block Diagram/Schematic File     ; C:/MyDesigns/vga/vga.bdf                                                     ;         ;
; vga_module.v                     ; yes             ; User Verilog HDL File                 ; C:/MyDesigns/vga/vga_module.v                                                ;         ;
; vga_memory.hex                   ; yes             ; User Hexadecimal (Intel-Format) File  ; C:/MyDesigns/vga/vga_memory.hex                                              ;         ;
; vga_ram.v                        ; yes             ; User Wizard-Generated File            ; C:/MyDesigns/vga/vga_ram.v                                                   ;         ;
; altsyncram.tdf                   ; yes             ; Megafunction                          ; c:/intelfpga_lite/20.1/quartus/libraries/megafunctions/altsyncram.tdf        ;         ;
; stratix_ram_block.inc            ; yes             ; Megafunction                          ; c:/intelfpga_lite/20.1/quartus/libraries/megafunctions/stratix_ram_block.inc ;         ;
; lpm_mux.inc                      ; yes             ; Megafunction                          ; c:/intelfpga_lite/20.1/quartus/libraries/megafunctions/lpm_mux.inc           ;         ;
; lpm_decode.inc                   ; yes             ; Megafunction                          ; c:/intelfpga_lite/20.1/quartus/libraries/megafunctions/lpm_decode.inc        ;         ;
; aglobal201.inc                   ; yes             ; Megafunction                          ; c:/intelfpga_lite/20.1/quartus/libraries/megafunctions/aglobal201.inc        ;         ;
; a_rdenreg.inc                    ; yes             ; Megafunction                          ; c:/intelfpga_lite/20.1/quartus/libraries/megafunctions/a_rdenreg.inc         ;         ;
; altrom.inc                       ; yes             ; Megafunction                          ; c:/intelfpga_lite/20.1/quartus/libraries/megafunctions/altrom.inc            ;         ;
; altram.inc                       ; yes             ; Megafunction                          ; c:/intelfpga_lite/20.1/quartus/libraries/megafunctions/altram.inc            ;         ;
; altdpram.inc                     ; yes             ; Megafunction                          ; c:/intelfpga_lite/20.1/quartus/libraries/megafunctions/altdpram.inc          ;         ;
; db/altsyncram_bkr1.tdf           ; yes             ; Auto-Generated Megafunction           ; C:/MyDesigns/vga/db/altsyncram_bkr1.tdf                                      ;         ;
; db/decode_rsa.tdf                ; yes             ; Auto-Generated Megafunction           ; C:/MyDesigns/vga/db/decode_rsa.tdf                                           ;         ;
; db/mux_6nb.tdf                   ; yes             ; Auto-Generated Megafunction           ; C:/MyDesigns/vga/db/mux_6nb.tdf                                              ;         ;
+----------------------------------+-----------------+---------------------------------------+------------------------------------------------------------------------------+---------+


+-------------------------------------------------------------+
; Analysis & Synthesis Resource Usage Summary                 ;
+---------------------------------------------+---------------+
; Resource                                    ; Usage         ;
+---------------------------------------------+---------------+
; Estimated Total logic elements              ; 120           ;
;                                             ;               ;
; Total combinational functions               ; 101           ;
; Logic element usage by number of LUT inputs ;               ;
;     -- 4 input functions                    ; 38            ;
;     -- 3 input functions                    ; 33            ;
;     -- <=2 input functions                  ; 30            ;
;                                             ;               ;
; Logic elements by mode                      ;               ;
;     -- normal mode                          ; 69            ;
;     -- arithmetic mode                      ; 32            ;
;                                             ;               ;
; Total registers                             ; 42            ;
;     -- Dedicated logic registers            ; 42            ;
;     -- I/O registers                        ; 0             ;
;                                             ;               ;
; I/O pins                                    ; 31            ;
; Total memory bits                           ; 196608        ;
;                                             ;               ;
; Embedded Multiplier 9-bit elements          ; 0             ;
;                                             ;               ;
; Maximum fan-out node                        ; vga_clk~input ;
; Maximum fan-out                             ; 66            ;
; Total fan-out                               ; 951           ;
; Average fan-out                             ; 4.15          ;
+---------------------------------------------+---------------+


+--------------------------------------------------------------------------------------------------------------------------------------------------------------------------------------------------------------------------------------------------------------------------------------------------------------------+
; Analysis & Synthesis Resource Utilization by Entity                                                                                                                                                                                                                                                                ;
+-------------------------------------------+---------------------+---------------------------+-------------+--------------+---------+-----------+------+--------------+------------------------------------------------------------------------------------------------------------+-----------------+--------------+
; Compilation Hierarchy Node                ; Combinational ALUTs ; Dedicated Logic Registers ; Memory Bits ; DSP Elements ; DSP 9x9 ; DSP 18x18 ; Pins ; Virtual Pins ; Full Hierarchy Name                                                                                        ; Entity Name     ; Library Name ;
+-------------------------------------------+---------------------+---------------------------+-------------+--------------+---------+-----------+------+--------------+------------------------------------------------------------------------------------------------------------+-----------------+--------------+
; |vga                                      ; 101 (0)             ; 42 (0)                    ; 196608      ; 0            ; 0       ; 0         ; 31   ; 0            ; |vga                                                                                                       ; vga             ; work         ;
;    |vga_controller:inst|                  ; 69 (69)             ; 35 (35)                   ; 0           ; 0            ; 0       ; 0         ; 0    ; 0            ; |vga|vga_controller:inst                                                                                   ; vga_controller  ; work         ;
;    |vga_ram:inst2|                        ; 32 (0)              ; 7 (0)                     ; 196608      ; 0            ; 0       ; 0         ; 0    ; 0            ; |vga|vga_ram:inst2                                                                                         ; vga_ram         ; work         ;
;       |altsyncram:altsyncram_component|   ; 32 (0)              ; 7 (0)                     ; 196608      ; 0            ; 0       ; 0         ; 0    ; 0            ; |vga|vga_ram:inst2|altsyncram:altsyncram_component                                                         ; altsyncram      ; work         ;
;          |altsyncram_bkr1:auto_generated| ; 32 (1)              ; 7 (7)                     ; 196608      ; 0            ; 0       ; 0         ; 0    ; 0            ; |vga|vga_ram:inst2|altsyncram:altsyncram_component|altsyncram_bkr1:auto_generated                          ; altsyncram_bkr1 ; work         ;
;             |decode_rsa:decode2|          ; 8 (8)               ; 0 (0)                     ; 0           ; 0            ; 0       ; 0         ; 0    ; 0            ; |vga|vga_ram:inst2|altsyncram:altsyncram_component|altsyncram_bkr1:auto_generated|decode_rsa:decode2       ; decode_rsa      ; work         ;
;             |decode_rsa:rden_decode_b|    ; 8 (8)               ; 0 (0)                     ; 0           ; 0            ; 0       ; 0         ; 0    ; 0            ; |vga|vga_ram:inst2|altsyncram:altsyncram_component|altsyncram_bkr1:auto_generated|decode_rsa:rden_decode_b ; decode_rsa      ; work         ;
;             |mux_6nb:mux3|                ; 15 (15)             ; 0 (0)                     ; 0           ; 0            ; 0       ; 0         ; 0    ; 0            ; |vga|vga_ram:inst2|altsyncram:altsyncram_component|altsyncram_bkr1:auto_generated|mux_6nb:mux3             ; mux_6nb         ; work         ;
+-------------------------------------------+---------------------+---------------------------+-------------+--------------+---------+-----------+------+--------------+------------------------------------------------------------------------------------------------------------+-----------------+--------------+
Note: For table entries with two numbers listed, the numbers in parentheses indicate the number of resources of the given type used by the specific entity alone. The numbers listed outside of parentheses indicate the total resources of the given type used by the specific entity and all of its sub-entities in the hierarchy.


+---------------------------------------------------------------------------------------------------------------------------------------------------------------------------------------------------------+
; Analysis & Synthesis RAM Summary                                                                                                                                                                        ;
+-----------------------------------------------------------------------------------------+------+------------------+--------------+--------------+--------------+--------------+--------+----------------+
; Name                                                                                    ; Type ; Mode             ; Port A Depth ; Port A Width ; Port B Depth ; Port B Width ; Size   ; MIF            ;
+-----------------------------------------------------------------------------------------+------+------------------+--------------+--------------+--------------+--------------+--------+----------------+
; vga_ram:inst2|altsyncram:altsyncram_component|altsyncram_bkr1:auto_generated|ALTSYNCRAM ; AUTO ; Simple Dual Port ; 65536        ; 3            ; 65536        ; 3            ; 196608 ; vga_memory.hex ;
+-----------------------------------------------------------------------------------------+------+------------------+--------------+--------------+--------------+--------------+--------+----------------+


+------------------------------------------------------------------------------------------------------+
; Analysis & Synthesis IP Cores Summary                                                                ;
+--------+--------------+---------+--------------+--------------+--------------------+-----------------+
; Vendor ; IP Core Name ; Version ; Release Date ; License Type ; Entity Instance    ; IP Include File ;
+--------+--------------+---------+--------------+--------------+--------------------+-----------------+
; Altera ; RAM: 2-PORT  ; 20.1    ; N/A          ; N/A          ; |vga|vga_ram:inst2 ; vga_ram.v       ;
+--------+--------------+---------+--------------+--------------+--------------------+-----------------+


+------------------------------------------------------------+
; Registers Removed During Synthesis                         ;
+---------------------------------------+--------------------+
; Register name                         ; Reason for Removal ;
+---------------------------------------+--------------------+
; vga_controller:inst|h_count[0..3]     ; Lost fanout        ;
; vga_controller:inst|v_count[0]        ; Lost fanout        ;
; Total Number of Removed Registers = 5 ;                    ;
+---------------------------------------+--------------------+


+------------------------------------------------------+
; General Register Statistics                          ;
+----------------------------------------------+-------+
; Statistic                                    ; Value ;
+----------------------------------------------+-------+
; Total registers                              ; 42    ;
; Number of registers using Synchronous Clear  ; 20    ;
; Number of registers using Synchronous Load   ; 0     ;
; Number of registers using Asynchronous Clear ; 0     ;
; Number of registers using Asynchronous Load  ; 0     ;
; Number of registers using Clock Enable       ; 28    ;
; Number of registers using Preset             ; 0     ;
+----------------------------------------------+-------+


+--------------------------------------------------------------------------------------------------------------------------------------------------------+
; Multiplexer Restructuring Statistics (Restructuring Performed)                                                                                         ;
+--------------------+-----------+---------------+----------------------+------------------------+------------+------------------------------------------+
; Multiplexer Inputs ; Bus Width ; Baseline Area ; Area if Restructured ; Saving if Restructured ; Registered ; Example Multiplexer Output               ;
+--------------------+-----------+---------------+----------------------+------------------------+------------+------------------------------------------+
; 3:1                ; 10 bits   ; 20 LEs        ; 10 LEs               ; 10 LEs                 ; Yes        ; |vga|vga_controller:inst|next_h_count[7] ;
; 4:1                ; 10 bits   ; 20 LEs        ; 10 LEs               ; 10 LEs                 ; Yes        ; |vga|vga_controller:inst|next_v_count[0] ;
+--------------------+-----------+---------------+----------------------+------------------------+------------+------------------------------------------+


+-----------------------------------------------------------------------------------------------------+
; Source assignments for vga_ram:inst2|altsyncram:altsyncram_component|altsyncram_bkr1:auto_generated ;
+---------------------------------+--------------------+------+---------------------------------------+
; Assignment                      ; Value              ; From ; To                                    ;
+---------------------------------+--------------------+------+---------------------------------------+
; OPTIMIZE_POWER_DURING_SYNTHESIS ; NORMAL_COMPILATION ; -    ; -                                     ;
+---------------------------------+--------------------+------+---------------------------------------+


+------------------------------------------------------------------+
; Parameter Settings for User Entity Instance: vga_controller:inst ;
+----------------+-------+-----------------------------------------+
; Parameter Name ; Value ; Type                                    ;
+----------------+-------+-----------------------------------------+
; hactive        ; 640   ; Signed Integer                          ;
; hfrontporch    ; 16    ; Signed Integer                          ;
; hsyncpulse     ; 96    ; Signed Integer                          ;
; hbackporch     ; 48    ; Signed Integer                          ;
; htotal         ; 800   ; Signed Integer                          ;
; vactive        ; 480   ; Signed Integer                          ;
; vfrontporch    ; 10    ; Signed Integer                          ;
; vsyncpulse     ; 2     ; Signed Integer                          ;
; vbackporch     ; 33    ; Signed Integer                          ;
; vtotal         ; 525   ; Signed Integer                          ;
+----------------+-------+-----------------------------------------+
Note: In order to hide this table in the UI and the text report file, please set the "Show Parameter Settings in Synthesis Report" option in "Analysis and Synthesis Settings -> More Settings" to "Off".


+--------------------------------------------------------------------------------------------+
; Parameter Settings for User Entity Instance: vga_ram:inst2|altsyncram:altsyncram_component ;
+------------------------------------+----------------------+--------------------------------+
; Parameter Name                     ; Value                ; Type                           ;
+------------------------------------+----------------------+--------------------------------+
; BYTE_SIZE_BLOCK                    ; 8                    ; Untyped                        ;
; AUTO_CARRY_CHAINS                  ; ON                   ; AUTO_CARRY                     ;
; IGNORE_CARRY_BUFFERS               ; OFF                  ; IGNORE_CARRY                   ;
; AUTO_CASCADE_CHAINS                ; ON                   ; AUTO_CASCADE                   ;
; IGNORE_CASCADE_BUFFERS             ; OFF                  ; IGNORE_CASCADE                 ;
; WIDTH_BYTEENA                      ; 1                    ; Untyped                        ;
; OPERATION_MODE                     ; DUAL_PORT            ; Untyped                        ;
; WIDTH_A                            ; 3                    ; Signed Integer                 ;
; WIDTHAD_A                          ; 16                   ; Signed Integer                 ;
; NUMWORDS_A                         ; 65536                ; Signed Integer                 ;
; OUTDATA_REG_A                      ; UNREGISTERED         ; Untyped                        ;
; ADDRESS_ACLR_A                     ; NONE                 ; Untyped                        ;
; OUTDATA_ACLR_A                     ; NONE                 ; Untyped                        ;
; WRCONTROL_ACLR_A                   ; NONE                 ; Untyped                        ;
; INDATA_ACLR_A                      ; NONE                 ; Untyped                        ;
; BYTEENA_ACLR_A                     ; NONE                 ; Untyped                        ;
; WIDTH_B                            ; 3                    ; Signed Integer                 ;
; WIDTHAD_B                          ; 16                   ; Signed Integer                 ;
; NUMWORDS_B                         ; 65536                ; Signed Integer                 ;
; INDATA_REG_B                       ; CLOCK1               ; Untyped                        ;
; WRCONTROL_WRADDRESS_REG_B          ; CLOCK1               ; Untyped                        ;
; RDCONTROL_REG_B                    ; CLOCK1               ; Untyped                        ;
; ADDRESS_REG_B                      ; CLOCK1               ; Untyped                        ;
; OUTDATA_REG_B                      ; CLOCK1               ; Untyped                        ;
; BYTEENA_REG_B                      ; CLOCK1               ; Untyped                        ;
; INDATA_ACLR_B                      ; NONE                 ; Untyped                        ;
; WRCONTROL_ACLR_B                   ; NONE                 ; Untyped                        ;
; ADDRESS_ACLR_B                     ; NONE                 ; Untyped                        ;
; OUTDATA_ACLR_B                     ; NONE                 ; Untyped                        ;
; RDCONTROL_ACLR_B                   ; NONE                 ; Untyped                        ;
; BYTEENA_ACLR_B                     ; NONE                 ; Untyped                        ;
; WIDTH_BYTEENA_A                    ; 1                    ; Signed Integer                 ;
; WIDTH_BYTEENA_B                    ; 1                    ; Untyped                        ;
; RAM_BLOCK_TYPE                     ; AUTO                 ; Untyped                        ;
; BYTE_SIZE                          ; 8                    ; Untyped                        ;
; READ_DURING_WRITE_MODE_MIXED_PORTS ; DONT_CARE            ; Untyped                        ;
; READ_DURING_WRITE_MODE_PORT_A      ; NEW_DATA_NO_NBE_READ ; Untyped                        ;
; READ_DURING_WRITE_MODE_PORT_B      ; NEW_DATA_NO_NBE_READ ; Untyped                        ;
; INIT_FILE                          ; vga_memory.hex       ; Untyped                        ;
; INIT_FILE_LAYOUT                   ; PORT_B               ; Untyped                        ;
; MAXIMUM_DEPTH                      ; 0                    ; Untyped                        ;
; CLOCK_ENABLE_INPUT_A               ; BYPASS               ; Untyped                        ;
; CLOCK_ENABLE_INPUT_B               ; BYPASS               ; Untyped                        ;
; CLOCK_ENABLE_OUTPUT_A              ; NORMAL               ; Untyped                        ;
; CLOCK_ENABLE_OUTPUT_B              ; BYPASS               ; Untyped                        ;
; CLOCK_ENABLE_CORE_A                ; USE_INPUT_CLKEN      ; Untyped                        ;
; CLOCK_ENABLE_CORE_B                ; USE_INPUT_CLKEN      ; Untyped                        ;
; ENABLE_ECC                         ; FALSE                ; Untyped                        ;
; ECC_PIPELINE_STAGE_ENABLED         ; FALSE                ; Untyped                        ;
; WIDTH_ECCSTATUS                    ; 3                    ; Untyped                        ;
; DEVICE_FAMILY                      ; Cyclone IV E         ; Untyped                        ;
; CBXI_PARAMETER                     ; altsyncram_bkr1      ; Untyped                        ;
+------------------------------------+----------------------+--------------------------------+
Note: In order to hide this table in the UI and the text report file, please set the "Show Parameter Settings in Synthesis Report" option in "Analysis and Synthesis Settings -> More Settings" to "Off".


+-------------------------------------------------------------------------------------------+
; altsyncram Parameter Settings by Entity Instance                                          ;
+-------------------------------------------+-----------------------------------------------+
; Name                                      ; Value                                         ;
+-------------------------------------------+-----------------------------------------------+
; Number of entity instances                ; 1                                             ;
; Entity Instance                           ; vga_ram:inst2|altsyncram:altsyncram_component ;
;     -- OPERATION_MODE                     ; DUAL_PORT                                     ;
;     -- WIDTH_A                            ; 3                                             ;
;     -- NUMWORDS_A                         ; 65536                                         ;
;     -- OUTDATA_REG_A                      ; UNREGISTERED                                  ;
;     -- WIDTH_B                            ; 3                                             ;
;     -- NUMWORDS_B                         ; 65536                                         ;
;     -- ADDRESS_REG_B                      ; CLOCK1                                        ;
;     -- OUTDATA_REG_B                      ; CLOCK1                                        ;
;     -- RAM_BLOCK_TYPE                     ; AUTO                                          ;
;     -- READ_DURING_WRITE_MODE_MIXED_PORTS ; DONT_CARE                                     ;
+-------------------------------------------+-----------------------------------------------+


+-----------------------------------------------------+
; Post-Synthesis Netlist Statistics for Top Partition ;
+-----------------------+-----------------------------+
; Type                  ; Count                       ;
+-----------------------+-----------------------------+
; boundary_port         ; 31                          ;
; cycloneiii_ff         ; 42                          ;
;     ENA               ; 18                          ;
;     ENA SCLR          ; 10                          ;
;     SCLR              ; 10                          ;
;     plain             ; 4                           ;
; cycloneiii_lcell_comb ; 101                         ;
;     arith             ; 32                          ;
;         2 data inputs ; 23                          ;
;         3 data inputs ; 9                           ;
;     normal            ; 69                          ;
;         1 data inputs ; 3                           ;
;         2 data inputs ; 4                           ;
;         3 data inputs ; 24                          ;
;         4 data inputs ; 38                          ;
; cycloneiii_ram_block  ; 24                          ;
;                       ;                             ;
; Max LUT depth         ; 4.60                        ;
; Average LUT depth     ; 2.96                        ;
+-----------------------+-----------------------------+


+-------------------------------+
; Elapsed Time Per Partition    ;
+----------------+--------------+
; Partition Name ; Elapsed Time ;
+----------------+--------------+
; Top            ; 00:00:00     ;
+----------------+--------------+


+-------------------------------+
; Analysis & Synthesis Messages ;
+-------------------------------+
Info: *******************************************************************
Info: Running Quartus Prime Analysis & Synthesis
    Info: Version 20.1.1 Build 720 11/11/2020 SJ Lite Edition
    Info: Processing started: Sun Jun 26 12:45:05 2022
Info: Command: quartus_map --read_settings_files=on --write_settings_files=off vga -c vga
Warning (18236): Number of processors has not been specified which may cause overloading on shared machines.  Set the global assignment NUM_PARALLEL_PROCESSORS in your QSF to an appropriate value for best performance.
Info (20030): Parallel compilation is enabled and will use 4 of the 4 processors detected
Info (12021): Found 1 design units, including 1 entities, in source file vga.bdf
    Info (12023): Found entity 1: vga
Warning (10238): Verilog Module Declaration warning at vga_module.v(11): ignored anonymous port(s) indicated by duplicate or dangling comma(s) in the port list for module "vga_controller" File: C:/MyDesigns/vga/vga_module.v Line: 11
Info (12021): Found 1 design units, including 1 entities, in source file vga_module.v
    Info (12023): Found entity 1: vga_controller File: C:/MyDesigns/vga/vga_module.v Line: 1
Info (12021): Found 1 design units, including 1 entities, in source file vga_ram.v
    Info (12023): Found entity 1: vga_ram File: C:/MyDesigns/vga/vga_ram.v Line: 40
Info (12127): Elaborating entity "vga" for the top level hierarchy
Info (12128): Elaborating entity "vga_controller" for hierarchy "vga_controller:inst"
Warning (10036): Verilog HDL or VHDL warning at vga_module.v(34): object "pixel_row" assigned a value but never read File: C:/MyDesigns/vga/vga_module.v Line: 34
Warning (10036): Verilog HDL or VHDL warning at vga_module.v(35): object "pixel_col" assigned a value but never read File: C:/MyDesigns/vga/vga_module.v Line: 35
Warning (10230): Verilog HDL assignment warning at vga_module.v(67): truncated value with size 32 to match size of target (10) File: C:/MyDesigns/vga/vga_module.v Line: 67
Warning (10230): Verilog HDL assignment warning at vga_module.v(70): truncated value with size 32 to match size of target (10) File: C:/MyDesigns/vga/vga_module.v Line: 70
Warning (10230): Verilog HDL assignment warning at vga_module.v(109): truncated value with size 32 to match size of target (16) File: C:/MyDesigns/vga/vga_module.v Line: 109
Info (12128): Elaborating entity "vga_ram" for hierarchy "vga_ram:inst2"
Info (12128): Elaborating entity "altsyncram" for hierarchy "vga_ram:inst2|altsyncram:altsyncram_component" File: C:/MyDesigns/vga/vga_ram.v Line: 94
Info (12130): Elaborated megafunction instantiation "vga_ram:inst2|altsyncram:altsyncram_component" File: C:/MyDesigns/vga/vga_ram.v Line: 94
Info (12133): Instantiated megafunction "vga_ram:inst2|altsyncram:altsyncram_component" with the following parameter: File: C:/MyDesigns/vga/vga_ram.v Line: 94
    Info (12134): Parameter "address_aclr_b" = "NONE"
    Info (12134): Parameter "address_reg_b" = "CLOCK1"
    Info (12134): Parameter "clock_enable_input_a" = "BYPASS"
    Info (12134): Parameter "clock_enable_input_b" = "BYPASS"
    Info (12134): Parameter "clock_enable_output_b" = "BYPASS"
    Info (12134): Parameter "init_file" = "vga_memory.hex"
    Info (12134): Parameter "init_file_layout" = "PORT_B"
    Info (12134): Parameter "intended_device_family" = "Cyclone IV E"
    Info (12134): Parameter "lpm_type" = "altsyncram"
    Info (12134): Parameter "numwords_a" = "65536"
    Info (12134): Parameter "numwords_b" = "65536"
    Info (12134): Parameter "operation_mode" = "DUAL_PORT"
    Info (12134): Parameter "outdata_aclr_b" = "NONE"
    Info (12134): Parameter "outdata_reg_b" = "CLOCK1"
    Info (12134): Parameter "power_up_uninitialized" = "FALSE"
    Info (12134): Parameter "rdcontrol_reg_b" = "CLOCK1"
    Info (12134): Parameter "widthad_a" = "16"
    Info (12134): Parameter "widthad_b" = "16"
    Info (12134): Parameter "width_a" = "3"
    Info (12134): Parameter "width_b" = "3"
    Info (12134): Parameter "width_byteena_a" = "1"
Info (12021): Found 1 design units, including 1 entities, in source file db/altsyncram_bkr1.tdf
    Info (12023): Found entity 1: altsyncram_bkr1 File: C:/MyDesigns/vga/db/altsyncram_bkr1.tdf Line: 32
Info (12128): Elaborating entity "altsyncram_bkr1" for hierarchy "vga_ram:inst2|altsyncram:altsyncram_component|altsyncram_bkr1:auto_generated" File: c:/intelfpga_lite/20.1/quartus/libraries/megafunctions/altsyncram.tdf Line: 792
Info (12021): Found 1 design units, including 1 entities, in source file db/decode_rsa.tdf
    Info (12023): Found entity 1: decode_rsa File: C:/MyDesigns/vga/db/decode_rsa.tdf Line: 23
Info (12128): Elaborating entity "decode_rsa" for hierarchy "vga_ram:inst2|altsyncram:altsyncram_component|altsyncram_bkr1:auto_generated|decode_rsa:decode2" File: C:/MyDesigns/vga/db/altsyncram_bkr1.tdf Line: 47
Info (12021): Found 1 design units, including 1 entities, in source file db/mux_6nb.tdf
    Info (12023): Found entity 1: mux_6nb File: C:/MyDesigns/vga/db/mux_6nb.tdf Line: 23
Info (12128): Elaborating entity "mux_6nb" for hierarchy "vga_ram:inst2|altsyncram:altsyncram_component|altsyncram_bkr1:auto_generated|mux_6nb:mux3" File: C:/MyDesigns/vga/db/altsyncram_bkr1.tdf Line: 50
Info (286030): Timing-Driven Synthesis is running
Info (17049): 5 registers lost all their fanouts during netlist optimizations.
Info (144001): Generated suppressed messages file C:/MyDesigns/vga/output_files/vga.map.smsg
Info (16010): Generating hard_block partition "hard_block:auto_generated_inst"
    Info (16011): Adding 0 node(s), including 0 DDIO, 0 PLL, 0 transceiver and 0 LCELL
Info (21057): Implemented 178 device resources after synthesis - the final resource count might be different
    Info (21058): Implemented 7 input pins
    Info (21059): Implemented 24 output pins
    Info (21061): Implemented 123 logic cells
    Info (21064): Implemented 24 RAM segments
Info: Quartus Prime Analysis & Synthesis was successful. 0 errors, 7 warnings
    Info: Peak virtual memory: 4788 megabytes
    Info: Processing ended: Sun Jun 26 12:45:15 2022
    Info: Elapsed time: 00:00:10
    Info: Total CPU time (on all processors): 00:00:22


+------------------------------------------+
; Analysis & Synthesis Suppressed Messages ;
+------------------------------------------+
The suppressed messages can be found in C:/MyDesigns/vga/output_files/vga.map.smsg.


