EDA Netlist Writer report for uc1
Tue Jun 28 15:10:01 2022
Quartus Prime Version 20.1.0 Build 711 06/05/2020 SJ Lite Edition


---------------------
; Table of Contents ;
---------------------
  1. Legal Notice
  2. EDA Netlist Writer Summary
  3. Simulation Settings
  4. Simulation Generated Files
  5. EDA Netlist Writer Messages



----------------
; Legal Notice ;
----------------
Copyright (C) 2020  Intel Corporation. All rights reserved.
Your use of Intel Corporation's design tools, logic functions 
and other software and tools, and any partner logic 
functions, and any output files from any of the foregoing 
(including device programming or simulation files), and any 
associated documentation or information are expressly subject 
to the terms and conditions of the Intel Program License 
Subscription Agreement, the Intel Quartus Prime License Agreement,
the Intel FPGA IP License Agreement, or other applicable license
agreement, including, without limitation, that your use is for
the sole purpose of programming logic devices manufactured by
Intel and sold by Intel or its authorized distributors.  Please
refer to the applicable agreement for further details, at
https://fpgasoftware.intel.com/eula.



+-------------------------------------------------------------------+
; EDA Netlist Writer Summary                                        ;
+---------------------------+---------------------------------------+
; EDA Netlist Writer Status ; Successful - Tue Jun 28 15:10:01 2022 ;
; Revision Name             ; uc1                                   ;
; Top-level Entity Name     ; uc1                                   ;
; Family                    ; Cyclone IV E                          ;
; Simulation Files Creation ; Successful                            ;
+---------------------------+---------------------------------------+


+-------------------------------------------------------------------------------------------------------------------------------+
; Simulation Settings                                                                                                           ;
+---------------------------------------------------------------------------------------------------+---------------------------+
; Option                                                                                            ; Setting                   ;
+---------------------------------------------------------------------------------------------------+---------------------------+
; Tool Name                                                                                         ; ModelSim-Altera (Verilog) ;
; Generate functional simulation netlist                                                            ; On                        ;
; Truncate long hierarchy paths                                                                     ; Off                       ;
; Map illegal HDL characters                                                                        ; Off                       ;
; Flatten buses into individual nodes                                                               ; Off                       ;
; Maintain hierarchy                                                                                ; Off                       ;
; Bring out device-wide set/reset signals as ports                                                  ; Off                       ;
; Enable glitch filtering                                                                           ; Off                       ;
; Do not write top level VHDL entity                                                                ; Off                       ;
; Disable detection of setup and hold time violations in the input registers of bi-directional pins ; Off                       ;
; Architecture name in VHDL output netlist                                                          ; structure                 ;
; Generate third-party EDA tool command script for RTL functional simulation                        ; Off                       ;
; Generate third-party EDA tool command script for gate-level simulation                            ; Off                       ;
+---------------------------------------------------------------------------------------------------+---------------------------+


+------------------------------------------------------------------------+
; Simulation Generated Files                                             ;
+------------------------------------------------------------------------+
; Generated Files                                                        ;
+------------------------------------------------------------------------+
; C:/Users/Matias/Source/repos/EV22/EV22_Quartus/simulation/qsim//uc1.vo ;
+------------------------------------------------------------------------+


+-----------------------------+
; EDA Netlist Writer Messages ;
+-----------------------------+
Info: *******************************************************************
Info: Running Quartus Prime EDA Netlist Writer
    Info: Version 20.1.0 Build 711 06/05/2020 SJ Lite Edition
    Info: Copyright (C) 2020  Intel Corporation. All rights reserved.
    Info: Your use of Intel Corporation's design tools, logic functions 
    Info: and other software and tools, and any partner logic 
    Info: functions, and any output files from any of the foregoing 
    Info: (including device programming or simulation files), and any 
    Info: associated documentation or information are expressly subject 
    Info: to the terms and conditions of the Intel Program License 
    Info: Subscription Agreement, the Intel Quartus Prime License Agreement,
    Info: the Intel FPGA IP License Agreement, or other applicable license
    Info: agreement, including, without limitation, that your use is for
    Info: the sole purpose of programming logic devices manufactured by
    Info: Intel and sold by Intel or its authorized distributors.  Please
    Info: refer to the applicable agreement for further details, at
    Info: https://fpgasoftware.intel.com/eula.
    Info: Processing started: Tue Jun 28 15:09:59 2022
Info: Command: quartus_eda --write_settings_files=off --simulation=on --functional=on --flatten_buses=off --tool=modelsim_oem --format=verilog --output_directory=C:/Users/Matias/Source/repos/EV22/EV22_Quartus/simulation/qsim/ uc1 -c uc1
Info (119006): Selected device EP4CE22F17C6 for design "uc1"
Info (15535): Implemented PLL "pll1:inst9|altpll:altpll_component|pll1_altpll:auto_generated|pll1" as Cyclone IV E PLL type File: C:/Users/Matias/Source/repos/EV22/EV22_Quartus/db/pll1_altpll.v Line: 51
    Info (15099): Implementing clock multiplication of 1, clock division of 2, and phase shift of 0 degrees (0 ps) for pll1:inst9|altpll:altpll_component|pll1_altpll:auto_generated|wire_pll1_clk[0] port File: C:/Users/Matias/Source/repos/EV22/EV22_Quartus/db/pll1_altpll.v Line: 51
    Info (15099): Implementing clock multiplication of 1, clock division of 2, and phase shift of 72 degrees (8000 ps) for pll1:inst9|altpll:altpll_component|pll1_altpll:auto_generated|wire_pll1_clk[1] port File: C:/Users/Matias/Source/repos/EV22/EV22_Quartus/db/pll1_altpll.v Line: 51
    Info (15099): Implementing clock multiplication of 1, clock division of 2, and phase shift of 144 degrees (16000 ps) for pll1:inst9|altpll:altpll_component|pll1_altpll:auto_generated|wire_pll1_clk[2] port File: C:/Users/Matias/Source/repos/EV22/EV22_Quartus/db/pll1_altpll.v Line: 51
    Info (15099): Implementing clock multiplication of 1, clock division of 2, and phase shift of 216 degrees (24000 ps) for pll1:inst9|altpll:altpll_component|pll1_altpll:auto_generated|wire_pll1_clk[3] port File: C:/Users/Matias/Source/repos/EV22/EV22_Quartus/db/pll1_altpll.v Line: 51
    Info (15099): Implementing clock multiplication of 1, clock division of 2, and phase shift of 288 degrees (32000 ps) for pll1:inst9|altpll:altpll_component|pll1_altpll:auto_generated|wire_pll1_clk[4] port File: C:/Users/Matias/Source/repos/EV22/EV22_Quartus/db/pll1_altpll.v Line: 51
Info (15535): Implemented PLL "pll_vga:inst13|altpll:altpll_component|pll_vga_altpll:auto_generated|pll1" as Cyclone IV E PLL type File: C:/Users/Matias/Source/repos/EV22/EV22_Quartus/db/pll_vga_altpll.v Line: 44
    Info (15099): Implementing clock multiplication of 63, clock division of 125, and phase shift of 0 degrees (0 ps) for pll_vga:inst13|altpll:altpll_component|pll_vga_altpll:auto_generated|wire_pll1_clk[0] port File: C:/Users/Matias/Source/repos/EV22/EV22_Quartus/db/pll_vga_altpll.v Line: 44
Warning (18236): Number of processors has not been specified which may cause overloading on shared machines.  Set the global assignment NUM_PARALLEL_PROCESSORS in your QSF to an appropriate value for best performance.
Info (204019): Generated file uc1.vo in folder "C:/Users/Matias/Source/repos/EV22/EV22_Quartus/simulation/qsim//" for EDA simulation tool
Info: Quartus Prime EDA Netlist Writer was successful. 0 errors, 1 warning
    Info: Peak virtual memory: 4648 megabytes
    Info: Processing ended: Tue Jun 28 15:10:01 2022
    Info: Elapsed time: 00:00:02
    Info: Total CPU time (on all processors): 00:00:02


